<?xml version="1.0" encoding="UTF-8"?>
<testng-results skipped="0" failed="0" ignored="0" total="1" passed="1">
  <reporter-output>
  </reporter-output>
  <suite name="Default suite" duration-ms="19767" started-at="2018-10-27T11:32:57Z" finished-at="2018-10-27T11:33:17Z">
    <groups>
    </groups>
    <test name="Default test" duration-ms="19767" started-at="2018-10-27T11:32:57Z" finished-at="2018-10-27T11:33:17Z">
      <class name="SampleTest.SampleTest">
        <test-method status="PASS" signature="loginTest()[pri:0, instance:SampleTest.SampleTest@687080dc]" name="loginTest" duration-ms="19722" started-at="2018-10-27T11:32:57Z" finished-at="2018-10-27T11:33:17Z">
          <reporter-output>
          </reporter-output>
        </test-method> <!-- loginTest -->
      </class> <!-- SampleTest.SampleTest -->
    </test> <!-- Default test -->
  </suite> <!-- Default suite -->
</testng-results>
